[2024-10-29 02:36:49,769] {taskinstance.py:1159} INFO - Dependencies all met for <TaskInstance: parking_pipeline.store_data_json scheduled__2024-10-29T02:14:36.903345+00:00 [queued]>
[2024-10-29 02:36:49,786] {taskinstance.py:1159} INFO - Dependencies all met for <TaskInstance: parking_pipeline.store_data_json scheduled__2024-10-29T02:14:36.903345+00:00 [queued]>
[2024-10-29 02:36:49,787] {taskinstance.py:1356} INFO - 
--------------------------------------------------------------------------------
[2024-10-29 02:36:49,788] {taskinstance.py:1357} INFO - Starting attempt 2 of 2
[2024-10-29 02:36:49,789] {taskinstance.py:1358} INFO - 
--------------------------------------------------------------------------------
[2024-10-29 02:36:49,811] {taskinstance.py:1377} INFO - Executing <Task(PythonOperator): store_data_json> on 2024-10-29 02:14:36.903345+00:00
[2024-10-29 02:36:49,820] {standard_task_runner.py:52} INFO - Started process 272 to run task
[2024-10-29 02:36:49,823] {standard_task_runner.py:79} INFO - Running: ['***', 'tasks', 'run', 'parking_pipeline', 'store_data_json', 'scheduled__2024-10-29T02:14:36.903345+00:00', '--job-id', '524', '--raw', '--subdir', 'DAGS_FOLDER/parking_dag.py', '--cfg-path', '/tmp/tmpmsgtv02z', '--error-file', '/tmp/tmp6huj0_ps']
[2024-10-29 02:36:49,825] {standard_task_runner.py:80} INFO - Job 524: Subtask store_data_json
[2024-10-29 02:36:49,903] {task_command.py:369} INFO - Running <TaskInstance: parking_pipeline.store_data_json scheduled__2024-10-29T02:14:36.903345+00:00 [running]> on host 31266dfed982
[2024-10-29 02:36:50,036] {taskinstance.py:1571} INFO - Exporting the following env vars:
AIRFLOW_CTX_DAG_OWNER=Airflow
AIRFLOW_CTX_DAG_ID=parking_pipeline
AIRFLOW_CTX_TASK_ID=store_data_json
AIRFLOW_CTX_EXECUTION_DATE=2024-10-29T02:14:36.903345+00:00
AIRFLOW_CTX_TRY_NUMBER=2
AIRFLOW_CTX_DAG_RUN_ID=scheduled__2024-10-29T02:14:36.903345+00:00
[2024-10-29 02:36:50,056] {taskinstance.py:1889} ERROR - Task failed with exception
Traceback (most recent call last):
  File "/home/airflow/.local/lib/python3.7/site-packages/airflow/operators/python.py", line 171, in execute
    return_value = self.execute_callable()
  File "/home/airflow/.local/lib/python3.7/site-packages/airflow/operators/python.py", line 189, in execute_callable
    return self.python_callable(*self.op_args, **self.op_kwargs)
  File "/opt/airflow/dags/parking_dag.py", line 80, in _store_data_json
    df = pd.read_json(df_json, orient='split')
  File "/home/airflow/.local/lib/python3.7/site-packages/pandas/util/_decorators.py", line 207, in wrapper
    return func(*args, **kwargs)
  File "/home/airflow/.local/lib/python3.7/site-packages/pandas/util/_decorators.py", line 311, in wrapper
    return func(*args, **kwargs)
  File "/home/airflow/.local/lib/python3.7/site-packages/pandas/io/json/_json.py", line 607, in read_json
    encoding_errors=encoding_errors,
  File "/home/airflow/.local/lib/python3.7/site-packages/pandas/io/json/_json.py", line 675, in __init__
    data = self._get_data_from_filepath(filepath_or_buffer)
  File "/home/airflow/.local/lib/python3.7/site-packages/pandas/io/json/_json.py", line 718, in _get_data_from_filepath
    errors=self.encoding_errors,
  File "/home/airflow/.local/lib/python3.7/site-packages/pandas/io/common.py", line 614, in get_handle
    storage_options=storage_options,
  File "/home/airflow/.local/lib/python3.7/site-packages/pandas/io/common.py", line 396, in _get_filepath_or_buffer
    raise ValueError(msg)
ValueError: Invalid file path or buffer object type: <class 'NoneType'>
[2024-10-29 02:36:50,078] {taskinstance.py:1400} INFO - Marking task as FAILED. dag_id=parking_pipeline, task_id=store_data_json, execution_date=20241029T021436, start_date=20241029T023649, end_date=20241029T023650
[2024-10-29 02:36:50,099] {standard_task_runner.py:97} ERROR - Failed to execute job 524 for task store_data_json (Invalid file path or buffer object type: <class 'NoneType'>; 272)
[2024-10-29 02:36:50,119] {local_task_job.py:156} INFO - Task exited with return code 1
[2024-10-29 02:36:50,166] {local_task_job.py:273} INFO - 0 downstream tasks scheduled from follow-on schedule check
